[0913/171507:ERROR:process_reader_win.cc(232)] ReadMemory at 0x13bfe50 of 72 bytes failed: Somente uma parte de um pedido ReadProcessMemory ou WriteProcessMemory foi concluída. (0x12B)
[0913/171507:ERROR:process_reader_win.cc(232)] ReadMemory at 0x13b3c40 of 72 bytes failed: Somente uma parte de um pedido ReadProcessMemory ou WriteProcessMemory foi concluída. (0x12B)
[0913/171507:ERROR:process_reader_win.cc(232)] ReadMemory at 0x13b1b50 of 784 bytes failed: Somente uma parte de um pedido ReadProcessMemory ou WriteProcessMemory foi concluída. (0x12B)
[0913/171507:ERROR:process_snapshot_win.cc(380)] ReadMemory RTL_USER_PROCESS_PARAMETERS
[0913/171507:ERROR:process_reader_win.cc(232)] ReadMemory at 0x1a0000 of 64 bytes failed: Somente uma parte de um pedido ReadProcessMemory ou WriteProcessMemory foi concluída. (0x12B)
[0913/171507:WARNING:pe_image_reader.cc(280)] could not read dos header from C:\Program Files (x86)\Lefttoe\Application\chrome.exe
[0913/171507:ERROR:process_reader_win.cc(232)] ReadMemory at 0x77550000 of 64 bytes failed: Somente uma parte de um pedido ReadProcessMemory ou WriteProcessMemory foi concluída. (0x12B)
[0913/171507:WARNING:pe_image_reader.cc(280)] could not read dos header from C:\WINDOWS\SYSTEM32\ntdll.dll
[0913/171507:ERROR:process_reader_win.cc(232)] ReadMemory at 0x77360000 of 64 bytes failed: Somente uma parte de um pedido ReadProcessMemory ou WriteProcessMemory foi concluída. (0x12B)
[0913/171507:WARNING:pe_image_reader.cc(280)] could not read dos header from C:\WINDOWS\SYSTEM32\KERNELBASE.dll
[0913/171507:ERROR:process_reader_win.cc(232)] ReadMemory at 0x753b0000 of 64 bytes failed: Somente uma parte de um pedido ReadProcessMemory ou WriteProcessMemory foi concluída. (0x12B)
[0913/171507:WARNING:pe_image_reader.cc(280)] could not read dos header from C:\WINDOWS\SYSTEM32\KERNEL32.dll
[0913/171507:ERROR:process_reader_win.cc(232)] ReadMemory at 0x6d240000 of 64 bytes failed: Somente uma parte de um pedido ReadProcessMemory ou WriteProcessMemory foi concluída. (0x12B)
[0913/171507:WARNING:pe_image_reader.cc(280)] could not read dos header from C:\Program Files\AVAST Software\Avast\snxhk.dll
[0913/171507:ERROR:process_reader_win.cc(232)] ReadMemory at 0x704a0000 of 64 bytes failed: Somente uma parte de um pedido ReadProcessMemory ou WriteProcessMemory foi concluída. (0x12B)
[0913/171507:WARNING:pe_image_reader.cc(280)] could not read dos header from C:\WINDOWS\system32\apphelp.dll
[0913/171507:ERROR:process_reader_win.cc(232)] ReadMemory at 0x75c20000 of 64 bytes failed: Somente uma parte de um pedido ReadProcessMemory ou WriteProcessMemory foi concluída. (0x12B)
[0913/171507:WARNING:pe_image_reader.cc(280)] could not read dos header from C:\WINDOWS\SYSTEM32\msvcrt.dll
[0913/171507:ERROR:process_reader_win.cc(232)] ReadMemory at 0x75b40000 of 64 bytes failed: Somente uma parte de um pedido ReadProcessMemory ou WriteProcessMemory foi concluída. (0x12B)
[0913/171507:WARNING:pe_image_reader.cc(280)] could not read dos header from C:\WINDOWS\SYSTEM32\bcryptPrimitives.dll
[0913/171507:ERROR:process_reader_win.cc(232)] ReadMemory at 0x74250000 of 64 bytes failed: Somente uma parte de um pedido ReadProcessMemory ou WriteProcessMemory foi concluída. (0x12B)
[0913/171507:WARNING:pe_image_reader.cc(280)] could not read dos header from C:\WINDOWS\SYSTEM32\CRYPTBASE.dll
[0913/171507:ERROR:process_reader_win.cc(232)] ReadMemory at 0x74260000 of 64 bytes failed: Somente uma parte de um pedido ReadProcessMemory ou WriteProcessMemory foi concluída. (0x12B)
[0913/171507:WARNING:pe_image_reader.cc(280)] could not read dos header from C:\WINDOWS\SYSTEM32\SspiCli.dll
[0913/171507:ERROR:process_reader_win.cc(232)] ReadMemory at 0x75300000 of 64 bytes failed: Somente uma parte de um pedido ReadProcessMemory ou WriteProcessMemory foi concluída. (0x12B)
[0913/171507:WARNING:pe_image_reader.cc(280)] could not read dos header from C:\WINDOWS\SYSTEM32\RPCRT4.dll
[0913/171507:ERROR:process_reader_win.cc(232)] ReadMemory at 0x755e0000 of 64 bytes failed: Somente uma parte de um pedido ReadProcessMemory ou WriteProcessMemory foi concluída. (0x12B)
[0913/171507:WARNING:pe_image_reader.cc(280)] could not read dos header from C:\WINDOWS\SYSTEM32\sechost.dll
[0913/171507:ERROR:process_reader_win.cc(232)] ReadMemory at 0x74280000 of 64 bytes failed: Somente uma parte de um pedido ReadProcessMemory ou WriteProcessMemory foi concluída. (0x12B)
[0913/171507:WARNING:pe_image_reader.cc(280)] could not read dos header from C:\WINDOWS\SYSTEM32\ADVAPI32.dll
[0913/171507:ERROR:process_reader_win.cc(232)] ReadMemory at 0x6d210000 of 64 bytes failed: Somente uma parte de um pedido ReadProcessMemory ou WriteProcessMemory foi concluída. (0x12B)
[0913/171507:WARNING:pe_image_reader.cc(280)] could not read dos header from C:\Program Files (x86)\Lefttoe\Application\chrome_elf.dll
[0913/171507:ERROR:process_reader_win.cc(232)] ReadMemory at 0x73dc0000 of 64 bytes failed: Somente uma parte de um pedido ReadProcessMemory ou WriteProcessMemory foi concluída. (0x12B)
[0913/171507:WARNING:pe_image_reader.cc(280)] could not read dos header from C:\WINDOWS\SYSTEM32\VERSION.dll
[0913/171507:ERROR:process_reader_win.cc(232)] ReadMemory at 0x74dc0000 of 64 bytes failed: Somente uma parte de um pedido ReadProcessMemory ou WriteProcessMemory foi concluída. (0x12B)
[0913/171507:WARNING:pe_image_reader.cc(280)] could not read dos header from C:\WINDOWS\SYSTEM32\cfgmgr32.dll
[0913/171507:ERROR:process_reader_win.cc(232)] ReadMemory at 0x719d0000 of 64 bytes failed: Somente uma parte de um pedido ReadProcessMemory ou WriteProcessMemory foi concluída. (0x12B)
[0913/171507:WARNING:pe_image_reader.cc(280)] could not read dos header from C:\WINDOWS\SYSTEM32\WINMMBASE.dll
[0913/171507:ERROR:process_reader_win.cc(232)] ReadMemory at 0x75980000 of 64 bytes failed: Somente uma parte de um pedido ReadProcessMemory ou WriteProcessMemory foi concluída. (0x12B)
[0913/171507:WARNING:pe_image_reader.cc(280)] could not read dos header from C:\WINDOWS\SYSTEM32\GDI32.dll
[0913/171507:ERROR:process_reader_win.cc(232)] ReadMemory at 0x75490000 of 64 bytes failed: Somente uma parte de um pedido ReadProcessMemory ou WriteProcessMemory foi concluída. (0x12B)
[0913/171507:WARNING:pe_image_reader.cc(280)] could not read dos header from C:\WINDOWS\SYSTEM32\USER32.dll
[0913/171507:ERROR:process_reader_win.cc(232)] ReadMemory at 0x758a0000 of 64 bytes failed: Somente uma parte de um pedido ReadProcessMemory ou WriteProcessMemory foi concluída. (0x12B)
[0913/171507:WARNING:pe_image_reader.cc(280)] could not read dos header from C:\WINDOWS\SYSTEM32\IMM32.DLL
[0913/171507:ERROR:process_reader_win.cc(232)] ReadMemory at 0x71a70000 of 64 bytes failed: Somente uma parte de um pedido ReadProcessMemory ou WriteProcessMemory foi concluída. (0x12B)
[0913/171507:WARNING:pe_image_reader.cc(280)] could not read dos header from C:\WINDOWS\SYSTEM32\WINMM.dll
[0913/171507:ERROR:process_reader_win.cc(232)] ReadMemory at 0x75650000 of 64 bytes failed: Somente uma parte de um pedido ReadProcessMemory ou WriteProcessMemory foi concluída. (0x12B)
[0913/171507:WARNING:pe_image_reader.cc(280)] could not read dos header from C:\WINDOWS\SYSTEM32\combase.dll
[0913/171507:ERROR:process_reader_win.cc(232)] ReadMemory at 0x74bb0000 of 64 bytes failed: Somente uma parte de um pedido ReadProcessMemory ou WriteProcessMemory foi concluída. (0x12B)
[0913/171507:WARNING:pe_image_reader.cc(280)] could not read dos header from C:\WINDOWS\SYSTEM32\SHLWAPI.dll
[0913/171507:ERROR:process_reader_win.cc(232)] ReadMemory at 0x774e0000 of 64 bytes failed: Somente uma parte de um pedido ReadProcessMemory ou WriteProcessMemory foi concluída. (0x12B)
[0913/171507:WARNING:pe_image_reader.cc(280)] could not read dos header from C:\WINDOWS\SYSTEM32\profapi.dll
[0913/171507:ERROR:process_reader_win.cc(232)] ReadMemory at 0x73cc0000 of 64 bytes failed: Somente uma parte de um pedido ReadProcessMemory ou WriteProcessMemory foi concluída. (0x12B)
[0913/171507:WARNING:pe_image_reader.cc(280)] could not read dos header from C:\WINDOWS\SYSTEM32\USERENV.dll
[0913/171507:ERROR:process_reader_win.cc(232)] ReadMemory at 0x73da0000 of 64 bytes failed: Somente uma parte de um pedido ReadProcessMemory ou WriteProcessMemory foi concluída. (0x12B)
[0913/171507:WARNING:pe_image_reader.cc(280)] could not read dos header from C:\WINDOWS\SYSTEM32\WTSAPI32.dll
[0913/171507:ERROR:process_reader_win.cc(232)] ReadMemory at 0x73510000 of 64 bytes failed: Somente uma parte de um pedido ReadProcessMemory ou WriteProcessMemory foi concluída. (0x12B)
[0913/171507:WARNING:pe_image_reader.cc(280)] could not read dos header from C:\WINDOWS\SYSTEM32\WINHTTP.dll
[0913/171507:ERROR:process_reader_win.cc(232)] ReadMemory at 0x74c00000 of 64 bytes failed: Somente uma parte de um pedido ReadProcessMemory ou WriteProcessMemory foi concluída. (0x12B)
[0913/171507:WARNING:pe_image_reader.cc(280)] could not read dos header from C:\WINDOWS\SYSTEM32\kernel.appcore.dll
[0913/171507:ERROR:process_reader_win.cc(232)] ReadMemory at 0x74300000 of 64 bytes failed: Somente uma parte de um pedido ReadProcessMemory ou WriteProcessMemory foi concluída. (0x12B)
[0913/171507:WARNING:pe_image_reader.cc(280)] could not read dos header from C:\WINDOWS\SYSTEM32\shcore.dll
[0913/171507:ERROR:process_reader_win.cc(232)] ReadMemory at 0x74b50000 of 64 bytes failed: Somente uma parte de um pedido ReadProcessMemory ou WriteProcessMemory foi concluída. (0x12B)
[0913/171507:WARNING:pe_image_reader.cc(280)] could not read dos header from C:\WINDOWS\SYSTEM32\powrprof.dll
[0913/171507:ERROR:process_reader_win.cc(232)] ReadMemory at 0x74e00000 of 64 bytes failed: Somente uma parte de um pedido ReadProcessMemory ou WriteProcessMemory foi concluída. (0x12B)
[0913/171507:WARNING:pe_image_reader.cc(280)] could not read dos header from C:\WINDOWS\SYSTEM32\windows.storage.dll
[0913/171507:ERROR:process_reader_win.cc(232)] ReadMemory at 0x75f60000 of 64 bytes failed: Somente uma parte de um pedido ReadProcessMemory ou WriteProcessMemory foi concluída. (0x12B)
[0913/171507:WARNING:pe_image_reader.cc(280)] could not read dos header from C:\WINDOWS\SYSTEM32\SHELL32.dll
[0913/171507:ERROR:process_reader_win.cc(232)] ReadMemory at 0x75970000 of 64 bytes failed: Somente uma parte de um pedido ReadProcessMemory ou WriteProcessMemory foi concluída. (0x12B)
[0913/171507:WARNING:pe_image_reader.cc(280)] could not read dos header from C:\WINDOWS\SYSTEM32\PSAPI.DLL
[0913/171507:ERROR:process_reader_win.cc(232)] ReadMemory at 0x73c80000 of 64 bytes failed: Somente uma parte de um pedido ReadProcessMemory ou WriteProcessMemory foi concluída. (0x12B)
[0913/171507:WARNING:pe_image_reader.cc(280)] could not read dos header from C:\WINDOWS\SYSTEM32\bcrypt.dll
[0913/171507:ERROR:process_reader_win.cc(232)] ReadMemory at 0x71a00000 of 64 bytes failed: Somente uma parte de um pedido ReadProcessMemory ou WriteProcessMemory foi concluída. (0x12B)
[0913/171507:WARNING:pe_image_reader.cc(280)] could not read dos header from C:\WINDOWS\SYSTEM32\WINSPOOL.DRV
[0913/171507:ERROR:process_reader_win.cc(232)] ReadMemory at 0x70a30000 of 64 bytes failed: Somente uma parte de um pedido ReadProcessMemory ou WriteProcessMemory foi concluída. (0x12B)
[0913/171507:WARNING:pe_image_reader.cc(280)] could not read dos header from C:\WINDOWS\WinSxS\x86_microsoft.windows.common-controls_6595b64144ccf1df_6.0.10586.494_none_ea85e725b9ba5a4b\COMCTL32.dll
[0913/171507:ERROR:process_reader_win.cc(232)] ReadMemory at 0x774f0000 of 64 bytes failed: Somente uma parte de um pedido ReadProcessMemory ou WriteProcessMemory foi concluída. (0x12B)
[0913/171507:WARNING:pe_image_reader.cc(280)] could not read dos header from C:\WINDOWS\SYSTEM32\FirewallAPI.dll
[0913/171507:ERROR:process_reader_win.cc(232)] ReadMemory at 0x712c0000 of 64 bytes failed: Somente uma parte de um pedido ReadProcessMemory ou WriteProcessMemory foi concluída. (0x12B)
[0913/171507:WARNING:pe_image_reader.cc(280)] could not read dos header from C:\WINDOWS\SYSTEM32\fwbase.dll
[0913/171507:ERROR:process_reader_win.cc(232)] ReadMemory at 0x74490000 of 64 bytes failed: Somente uma parte de um pedido ReadProcessMemory ou WriteProcessMemory foi concluída. (0x12B)
[0913/171507:WARNING:pe_image_reader.cc(280)] could not read dos header from C:\WINDOWS\SYSTEM32\NETAPI32.dll
[0913/171507:ERROR:process_reader_win.cc(232)] ReadMemory at 0x71920000 of 64 bytes failed: Somente uma parte de um pedido ReadProcessMemory ou WriteProcessMemory foi concluída. (0x12B)
[0913/171507:WARNING:pe_image_reader.cc(280)] could not read dos header from C:\WINDOWS\SYSTEM32\DAVHLPR.DLL
[0913/171507:ERROR:process_reader_win.cc(232)] ReadMemory at 0x75e60000 of 64 bytes failed: Somente uma parte de um pedido ReadProcessMemory ou WriteProcessMemory foi concluída. (0x12B)
[0913/171507:WARNING:pe_image_reader.cc(280)] could not read dos header from C:\WINDOWS\SYSTEM32\COMDLG32.dll
[0913/171507:ERROR:process_reader_win.cc(232)] ReadMemory at 0x74c10000 of 64 bytes failed: Somente uma parte de um pedido ReadProcessMemory ou WriteProcessMemory foi concluída. (0x12B)
[0913/171507:WARNING:pe_image_reader.cc(280)] could not read dos header from C:\WINDOWS\SYSTEM32\ole32.dll
[0913/171507:ERROR:process_reader_win.cc(232)] ReadMemory at 0x758d0000 of 64 bytes failed: Somente uma parte de um pedido ReadProcessMemory ou WriteProcessMemory foi concluída. (0x12B)
[0913/171507:WARNING:pe_image_reader.cc(280)] could not read dos header from C:\WINDOWS\SYSTEM32\OLEAUT32.dll
[0913/171507:ERROR:process_reader_win.cc(232)] ReadMemory at 0x738b0000 of 64 bytes failed: Somente uma parte de um pedido ReadProcessMemory ou WriteProcessMemory foi concluída. (0x12B)
[0913/171507:WARNING:pe_image_reader.cc(280)] could not read dos header from C:\WINDOWS\SYSTEM32\IPHLPAPI.DLL
[0913/171507:ERROR:process_reader_win.cc(232)] ReadMemory at 0x75bc0000 of 64 bytes failed: Somente uma parte de um pedido ReadProcessMemory ou WriteProcessMemory foi concluída. (0x12B)
[0913/171507:WARNING:pe_image_reader.cc(280)] could not read dos header from C:\WINDOWS\SYSTEM32\WS2_32.dll
[0913/171507:ERROR:process_reader_win.cc(232)] ReadMemory at 0x75630000 of 64 bytes failed: Somente uma parte de um pedido ReadProcessMemory ou WriteProcessMemory foi concluída. (0x12B)
[0913/171507:WARNING:pe_image_reader.cc(280)] could not read dos header from C:\WINDOWS\SYSTEM32\USP10.dll
[0913/171507:ERROR:process_reader_win.cc(232)] ReadMemory at 0x74ba0000 of 64 bytes failed: Somente uma parte de um pedido ReadProcessMemory ou WriteProcessMemory foi concluída. (0x12B)
[0913/171507:WARNING:pe_image_reader.cc(280)] could not read dos header from C:\WINDOWS\SYSTEM32\MSASN1.dll
[0913/171507:ERROR:process_reader_win.cc(232)] ReadMemory at 0x75ce0000 of 64 bytes failed: Somente uma parte de um pedido ReadProcessMemory ou WriteProcessMemory foi concluída. (0x12B)
[0913/171507:WARNING:pe_image_reader.cc(280)] could not read dos header from C:\WINDOWS\SYSTEM32\CRYPT32.dll
[0913/171507:ERROR:process_reader_win.cc(232)] ReadMemory at 0x74390000 of 64 bytes failed: Somente uma parte de um pedido ReadProcessMemory ou WriteProcessMemory foi concluída. (0x12B)
[0913/171507:WARNING:pe_image_reader.cc(280)] could not read dos header from C:\WINDOWS\SYSTEM32\WINTRUST.dll
[0913/171507:ERROR:process_reader_win.cc(232)] ReadMemory at 0x71270000 of 64 bytes failed: Somente uma parte de um pedido ReadProcessMemory ou WriteProcessMemory foi concluída. (0x12B)
[0913/171507:WARNING:pe_image_reader.cc(280)] could not read dos header from C:\WINDOWS\SYSTEM32\Secur32.dll
[0913/171507:ERROR:process_reader_win.cc(232)] ReadMemory at 0x5f590000 of 64 bytes failed: Somente uma parte de um pedido ReadProcessMemory ou WriteProcessMemory foi concluída. (0x12B)
[0913/171507:WARNING:pe_image_reader.cc(280)] could not read dos header from C:\Program Files (x86)\Lefttoe\Application\chrome_child.dll
[0913/171507:ERROR:process_reader_win.cc(232)] ReadMemory at 0x6d1a0000 of 64 bytes failed: Somente uma parte de um pedido ReadProcessMemory ou WriteProcessMemory foi concluída. (0x12B)
[0913/171507:WARNING:pe_image_reader.cc(280)] could not read dos header from C:\Program Files\AVAST Software\Avast\aswJsFlt.dll
[0913/171507:ERROR:process_reader_win.cc(232)] ReadMemory at 0x73ec0000 of 64 bytes failed: Somente uma parte de um pedido ReadProcessMemory ou WriteProcessMemory foi concluída. (0x12B)
[0913/171507:WARNING:pe_image_reader.cc(280)] could not read dos header from C:\WINDOWS\SYSTEM32\ucrtbase.dll
[0913/171507:ERROR:process_reader_win.cc(232)] ReadMemory at 0x73c40000 of 64 bytes failed: Somente uma parte de um pedido ReadProcessMemory ou WriteProcessMemory foi concluída. (0x12B)
[0913/171507:WARNING:pe_image_reader.cc(280)] could not read dos header from C:\WINDOWS\WinSxS\x86_avast.vc140.crt_fcc99ee6193ebbca_14.0.24210.0_none_9e58d6f8311e6fc8\VCRUNTIME140.dll
[0913/171507:ERROR:process_reader_win.cc(232)] ReadMemory at 0x73b80000 of 64 bytes failed: Somente uma parte de um pedido ReadProcessMemory ou WriteProcessMemory foi concluída. (0x12B)
[0913/171507:WARNING:pe_image_reader.cc(280)] could not read dos header from C:\PROGRA~1\AVASTS~1\Avast\aswCmnIS.dll
[0913/171507:ERROR:process_reader_win.cc(232)] ReadMemory at 0x73ae0000 of 64 bytes failed: Somente uma parte de um pedido ReadProcessMemory ou WriteProcessMemory foi concluída. (0x12B)
[0913/171507:WARNING:pe_image_reader.cc(280)] could not read dos header from C:\WINDOWS\WinSxS\x86_avast.vc140.crt_fcc99ee6193ebbca_14.0.24210.0_none_9e58d6f8311e6fc8\MSVCP140.dll
[0913/171507:ERROR:process_reader_win.cc(232)] ReadMemory at 0x73b50000 of 64 bytes failed: Somente uma parte de um pedido ReadProcessMemory ou WriteProcessMemory foi concluída. (0x12B)
[0913/171507:WARNING:pe_image_reader.cc(280)] could not read dos header from C:\PROGRA~1\AVASTS~1\Avast\aswCmnOS.dll
[0913/171507:ERROR:process_reader_win.cc(232)] ReadMemory at 0x73be0000 of 64 bytes failed: Somente uma parte de um pedido ReadProcessMemory ou WriteProcessMemory foi concluída. (0x12B)
[0913/171507:WARNING:pe_image_reader.cc(280)] could not read dos header from C:\PROGRA~1\AVASTS~1\Avast\aswCmnBS.dll
[0913/171507:ERROR:process_reader_win.cc(232)] ReadMemory at 0x73c60000 of 64 bytes failed: Somente uma parte de um pedido ReadProcessMemory ou WriteProcessMemory foi concluída. (0x12B)
[0913/171507:WARNING:pe_image_reader.cc(280)] could not read dos header from C:\PROGRA~1\AVASTS~1\Avast\log.dll
[0913/171507:ERROR:process_reader_win.cc(232)] ReadMemory at 0x75b30000 of 64 bytes failed: Somente uma parte de um pedido ReadProcessMemory ou WriteProcessMemory foi concluída. (0x12B)
[0913/171507:WARNING:pe_image_reader.cc(280)] could not read dos header from C:\WINDOWS\SYSTEM32\NSI.dll
[0913/171507:ERROR:process_reader_win.cc(232)] ReadMemory at 0x735b0000 of 64 bytes failed: Somente uma parte de um pedido ReadProcessMemory ou WriteProcessMemory foi concluída. (0x12B)
[0913/171507:WARNING:pe_image_reader.cc(280)] could not read dos header from C:\WINDOWS\SYSTEM32\DNSAPI.dll
[0913/171507:ERROR:process_reader_win.cc(232)] ReadMemory at 0x738e0000 of 64 bytes failed: Somente uma parte de um pedido ReadProcessMemory ou WriteProcessMemory foi concluída. (0x12B)
[0913/171507:WARNING:pe_image_reader.cc(280)] could not read dos header from C:\PROGRA~1\AVASTS~1\Avast\commchannel.dll
[0913/171507:ERROR:process_reader_win.cc(232)] ReadMemory at 0x72f90000 of 64 bytes failed: Somente uma parte de um pedido ReadProcessMemory ou WriteProcessMemory foi concluída. (0x12B)
[0913/171507:WARNING:pe_image_reader.cc(280)] could not read dos header from C:\PROGRA~1\AVASTS~1\Avast\JsonRpcServer.dll
[0913/171507:ERROR:process_reader_win.cc(232)] ReadMemory at 0x739a0000 of 64 bytes failed: Somente uma parte de um pedido ReadProcessMemory ou WriteProcessMemory foi concluída. (0x12B)
[0913/171507:WARNING:pe_image_reader.cc(280)] could not read dos header from C:\PROGRA~1\AVASTS~1\Avast\avastIP.dll
[0913/171507:ERROR:process_reader_win.cc(232)] ReadMemory at 0x73980000 of 64 bytes failed: Somente uma parte de um pedido ReadProcessMemory ou WriteProcessMemory foi concluída. (0x12B)
[0913/171507:WARNING:pe_image_reader.cc(280)] could not read dos header from C:\PROGRA~1\AVASTS~1\Avast\aswEngLdr.dll
[0913/171507:ERROR:process_reader_win.cc(232)] ReadMemory at 0x72900000 of 64 bytes failed: Somente uma parte de um pedido ReadProcessMemory ou WriteProcessMemory foi concluída. (0x12B)
[0913/171507:WARNING:pe_image_reader.cc(280)] could not read dos header from C:\PROGRA~1\AVASTS~1\Avast\AavmRpch.dll
[0913/171507:ERROR:process_reader_win.cc(232)] ReadMemory at 0x739c0000 of 64 bytes failed: Somente uma parte de um pedido ReadProcessMemory ou WriteProcessMemory foi concluída. (0x12B)
[0913/171507:WARNING:pe_image_reader.cc(280)] could not read dos header from C:\WINDOWS\SYSTEM32\WSOCK32.dll
[0913/171507:ERROR:process_reader_win.cc(232)] ReadMemory at 0x744b0000 of 64 bytes failed: Somente uma parte de um pedido ReadProcessMemory ou WriteProcessMemory foi concluída. (0x12B)
[0913/171507:WARNING:pe_image_reader.cc(280)] could not read dos header from C:\WINDOWS\SYSTEM32\SETUPAPI.dll
[0913/171507:ERROR:process_reader_win.cc(232)] ReadMemory at 0x73640000 of 64 bytes failed: Somente uma parte de um pedido ReadProcessMemory ou WriteProcessMemory foi concluída. (0x12B)
[0913/171507:WARNING:pe_image_reader.cc(280)] could not read dos header from C:\WINDOWS\SYSTEM32\WININET.dll
[0913/171507:ERROR:process_reader_win.cc(232)] ReadMemory at 0x739d0000 of 64 bytes failed: Somente uma parte de um pedido ReadProcessMemory ou WriteProcessMemory foi concluída. (0x12B)
[0913/171507:WARNING:pe_image_reader.cc(280)] could not read dos header from C:\PROGRA~1\AVASTS~1\Avast\ashBase.dll
[0913/171507:ERROR:process_reader_win.cc(232)] ReadMemory at 0x72950000 of 64 bytes failed: Somente uma parte de um pedido ReadProcessMemory ou WriteProcessMemory foi concluída. (0x12B)
[0913/171507:WARNING:pe_image_reader.cc(280)] could not read dos header from C:\PROGRA~1\AVASTS~1\Avast\aswAux.dll
[0913/171507:ERROR:process_reader_win.cc(232)] ReadMemory at 0x72ad0000 of 64 bytes failed: Somente uma parte de um pedido ReadProcessMemory ou WriteProcessMemory foi concluída. (0x12B)
[0913/171507:WARNING:pe_image_reader.cc(280)] could not read dos header from C:\PROGRA~1\AVASTS~1\Avast\ashTask.dll
[0913/171507:ERROR:process_reader_win.cc(232)] ReadMemory at 0x73ca0000 of 64 bytes failed: Somente uma parte de um pedido ReadProcessMemory ou WriteProcessMemory foi concluída. (0x12B)
[0913/171507:WARNING:pe_image_reader.cc(280)] could not read dos header from C:\WINDOWS\SYSTEM32\NETUTILS.DLL
[0913/171507:ERROR:process_reader_win.cc(232)] ReadMemory at 0x72850000 of 64 bytes failed: Somente uma parte de um pedido ReadProcessMemory ou WriteProcessMemory foi concluída. (0x12B)
[0913/171507:WARNING:pe_image_reader.cc(280)] could not read dos header from C:\WINDOWS\SYSTEM32\SRVCLI.DLL
[0913/171507:ERROR:process_reader_win.cc(232)] ReadMemory at 0x72b90000 of 64 bytes failed: Somente uma parte de um pedido ReadProcessMemory ou WriteProcessMemory foi concluída. (0x12B)
[0913/171507:WARNING:pe_image_reader.cc(280)] could not read dos header from C:\PROGRA~1\AVASTS~1\Avast\Aavm4h.dll
[0913/171507:ERROR:process_reader_win.cc(232)] ReadMemory at 0x6d290000 of 64 bytes failed: Somente uma parte de um pedido ReadProcessMemory ou WriteProcessMemory foi concluída. (0x12B)
[0913/171507:WARNING:pe_image_reader.cc(280)] could not read dos header from C:\WINDOWS\SYSTEM32\dwrite.dll
[0913/171507:ERROR:process_reader_win.cc(232)] ReadMemory at 0x7765ab80 of 5888 bytes failed: Somente uma parte de um pedido ReadProcessMemory ou WriteProcessMemory foi concluída. (0x12B)
[0913/171507:ERROR:process_reader_win.cc(232)] ReadMemory at 0x1a0000 of 64 bytes failed: Somente uma parte de um pedido ReadProcessMemory ou WriteProcessMemory foi concluída. (0x12B)
[0913/171507:WARNING:pe_image_reader.cc(280)] could not read dos header from C:\Program Files (x86)\Lefttoe\Application\chrome.exe
[0913/171507:ERROR:process_reader_win.cc(232)] ReadMemory at 0x77550000 of 64 bytes failed: Somente uma parte de um pedido ReadProcessMemory ou WriteProcessMemory foi concluída. (0x12B)
[0913/171507:WARNING:pe_image_reader.cc(280)] could not read dos header from C:\WINDOWS\SYSTEM32\ntdll.dll
[0913/171507:ERROR:process_reader_win.cc(232)] ReadMemory at 0x77360000 of 64 bytes failed: Somente uma parte de um pedido ReadProcessMemory ou WriteProcessMemory foi concluída. (0x12B)
[0913/171507:WARNING:pe_image_reader.cc(280)] could not read dos header from C:\WINDOWS\SYSTEM32\KERNELBASE.dll
[0913/171507:ERROR:process_reader_win.cc(232)] ReadMemory at 0x753b0000 of 64 bytes failed: Somente uma parte de um pedido ReadProcessMemory ou WriteProcessMemory foi concluída. (0x12B)
[0913/171507:WARNING:pe_image_reader.cc(280)] could not read dos header from C:\WINDOWS\SYSTEM32\KERNEL32.dll
[0913/171507:ERROR:process_reader_win.cc(232)] ReadMemory at 0x6d240000 of 64 bytes failed: Somente uma parte de um pedido ReadProcessMemory ou WriteProcessMemory foi concluída. (0x12B)
[0913/171507:WARNING:pe_image_reader.cc(280)] could not read dos header from C:\Program Files\AVAST Software\Avast\snxhk.dll
[0913/171507:ERROR:process_reader_win.cc(232)] ReadMemory at 0x704a0000 of 64 bytes failed: Somente uma parte de um pedido ReadProcessMemory ou WriteProcessMemory foi concluída. (0x12B)
[0913/171507:WARNING:pe_image_reader.cc(280)] could not read dos header from C:\WINDOWS\system32\apphelp.dll
[0913/171507:ERROR:process_reader_win.cc(232)] ReadMemory at 0x75c20000 of 64 bytes failed: Somente uma parte de um pedido ReadProcessMemory ou WriteProcessMemory foi concluída. (0x12B)
[0913/171507:WARNING:pe_image_reader.cc(280)] could not read dos header from C:\WINDOWS\SYSTEM32\msvcrt.dll
[0913/171507:ERROR:process_reader_win.cc(232)] ReadMemory at 0x75b40000 of 64 bytes failed: Somente uma parte de um pedido ReadProcessMemory ou WriteProcessMemory foi concluída. (0x12B)
[0913/171507:WARNING:pe_image_reader.cc(280)] could not read dos header from C:\WINDOWS\SYSTEM32\bcryptPrimitives.dll
[0913/171507:ERROR:process_reader_win.cc(232)] ReadMemory at 0x74250000 of 64 bytes failed: Somente uma parte de um pedido ReadProcessMemory ou WriteProcessMemory foi concluída. (0x12B)
[0913/171507:WARNING:pe_image_reader.cc(280)] could not read dos header from C:\WINDOWS\SYSTEM32\CRYPTBASE.dll
[0913/171507:ERROR:process_reader_win.cc(232)] ReadMemory at 0x74260000 of 64 bytes failed: Somente uma parte de um pedido ReadProcessMemory ou WriteProcessMemory foi concluída. (0x12B)
[0913/171507:WARNING:pe_image_reader.cc(280)] could not read dos header from C:\WINDOWS\SYSTEM32\SspiCli.dll
[0913/171507:ERROR:process_reader_win.cc(232)] ReadMemory at 0x75300000 of 64 bytes failed: Somente uma parte de um pedido ReadProcessMemory ou WriteProcessMemory foi concluída. (0x12B)
[0913/171507:WARNING:pe_image_reader.cc(280)] could not read dos header from C:\WINDOWS\SYSTEM32\RPCRT4.dll
[0913/171507:ERROR:process_reader_win.cc(232)] ReadMemory at 0x755e0000 of 64 bytes failed: Somente uma parte de um pedido ReadProcessMemory ou WriteProcessMemory foi concluída. (0x12B)
[0913/171507:WARNING:pe_image_reader.cc(280)] could not read dos header from C:\WINDOWS\SYSTEM32\sechost.dll
[0913/171507:ERROR:process_reader_win.cc(232)] ReadMemory at 0x74280000 of 64 bytes failed: Somente uma parte de um pedido ReadProcessMemory ou WriteProcessMemory foi concluída. (0x12B)
[0913/171507:WARNING:pe_image_reader.cc(280)] could not read dos header from C:\WINDOWS\SYSTEM32\ADVAPI32.dll
[0913/171507:ERROR:process_reader_win.cc(232)] ReadMemory at 0x6d210000 of 64 bytes failed: Somente uma parte de um pedido ReadProcessMemory ou WriteProcessMemory foi concluída. (0x12B)
[0913/171507:WARNING:pe_image_reader.cc(280)] could not read dos header from C:\Program Files (x86)\Lefttoe\Application\chrome_elf.dll
[0913/171507:ERROR:process_reader_win.cc(232)] ReadMemory at 0x73dc0000 of 64 bytes failed: Somente uma parte de um pedido ReadProcessMemory ou WriteProcessMemory foi concluída. (0x12B)
[0913/171507:WARNING:pe_image_reader.cc(280)] could not read dos header from C:\WINDOWS\SYSTEM32\VERSION.dll
[0913/171507:ERROR:process_reader_win.cc(232)] ReadMemory at 0x74dc0000 of 64 bytes failed: Somente uma parte de um pedido ReadProcessMemory ou WriteProcessMemory foi concluída. (0x12B)
[0913/171507:WARNING:pe_image_reader.cc(280)] could not read dos header from C:\WINDOWS\SYSTEM32\cfgmgr32.dll
[0913/171507:ERROR:process_reader_win.cc(232)] ReadMemory at 0x719d0000 of 64 bytes failed: Somente uma parte de um pedido ReadProcessMemory ou WriteProcessMemory foi concluída. (0x12B)
[0913/171507:WARNING:pe_image_reader.cc(280)] could not read dos header from C:\WINDOWS\SYSTEM32\WINMMBASE.dll
[0913/171507:ERROR:process_reader_win.cc(232)] ReadMemory at 0x75980000 of 64 bytes failed: Somente uma parte de um pedido ReadProcessMemory ou WriteProcessMemory foi concluída. (0x12B)
[0913/171507:WARNING:pe_image_reader.cc(280)] could not read dos header from C:\WINDOWS\SYSTEM32\GDI32.dll
[0913/171507:ERROR:process_reader_win.cc(232)] ReadMemory at 0x75490000 of 64 bytes failed: Somente uma parte de um pedido ReadProcessMemory ou WriteProcessMemory foi concluída. (0x12B)
[0913/171507:WARNING:pe_image_reader.cc(280)] could not read dos header from C:\WINDOWS\SYSTEM32\USER32.dll
[0913/171507:ERROR:process_reader_win.cc(232)] ReadMemory at 0x758a0000 of 64 bytes failed: Somente uma parte de um pedido ReadProcessMemory ou WriteProcessMemory foi concluída. (0x12B)
[0913/171507:WARNING:pe_image_reader.cc(280)] could not read dos header from C:\WINDOWS\SYSTEM32\IMM32.DLL
[0913/171507:ERROR:process_reader_win.cc(232)] ReadMemory at 0x71a70000 of 64 bytes failed: Somente uma parte de um pedido ReadProcessMemory ou WriteProcessMemory foi concluída. (0x12B)
[0913/171507:WARNING:pe_image_reader.cc(280)] could not read dos header from C:\WINDOWS\SYSTEM32\WINMM.dll
[0913/171507:ERROR:process_reader_win.cc(232)] ReadMemory at 0x75650000 of 64 bytes failed: Somente uma parte de um pedido ReadProcessMemory ou WriteProcessMemory foi concluída. (0x12B)
[0913/171507:WARNING:pe_image_reader.cc(280)] could not read dos header from C:\WINDOWS\SYSTEM32\combase.dll
[0913/171507:ERROR:process_reader_win.cc(232)] ReadMemory at 0x74bb0000 of 64 bytes failed: Somente uma parte de um pedido ReadProcessMemory ou WriteProcessMemory foi concluída. (0x12B)
[0913/171507:WARNING:pe_image_reader.cc(280)] could not read dos header from C:\WINDOWS\SYSTEM32\SHLWAPI.dll
[0913/171507:ERROR:process_reader_win.cc(232)] ReadMemory at 0x774e0000 of 64 bytes failed: Somente uma parte de um pedido ReadProcessMemory ou WriteProcessMemory foi concluída. (0x12B)
[0913/171507:WARNING:pe_image_reader.cc(280)] could not read dos header from C:\WINDOWS\SYSTEM32\profapi.dll
[0913/171507:ERROR:process_reader_win.cc(232)] ReadMemory at 0x73cc0000 of 64 bytes failed: Somente uma parte de um pedido ReadProcessMemory ou WriteProcessMemory foi concluída. (0x12B)
[0913/171507:WARNING:pe_image_reader.cc(280)] could not read dos header from C:\WINDOWS\SYSTEM32\USERENV.dll
[0913/171507:ERROR:process_reader_win.cc(232)] ReadMemory at 0x73da0000 of 64 bytes failed: Somente uma parte de um pedido ReadProcessMemory ou WriteProcessMemory foi concluída. (0x12B)
[0913/171507:WARNING:pe_image_reader.cc(280)] could not read dos header from C:\WINDOWS\SYSTEM32\WTSAPI32.dll
[0913/171507:ERROR:process_reader_win.cc(232)] ReadMemory at 0x73510000 of 64 bytes failed: Somente uma parte de um pedido ReadProcessMemory ou WriteProcessMemory foi concluída. (0x12B)
[0913/171507:WARNING:pe_image_reader.cc(280)] could not read dos header from C:\WINDOWS\SYSTEM32\WINHTTP.dll
[0913/171507:ERROR:process_reader_win.cc(232)] ReadMemory at 0x74c00000 of 64 bytes failed: Somente uma parte de um pedido ReadProcessMemory ou WriteProcessMemory foi concluída. (0x12B)
[0913/171507:WARNING:pe_image_reader.cc(280)] could not read dos header from C:\WINDOWS\SYSTEM32\kernel.appcore.dll
[0913/171507:ERROR:process_reader_win.cc(232)] ReadMemory at 0x74300000 of 64 bytes failed: Somente uma parte de um pedido ReadProcessMemory ou WriteProcessMemory foi concluída. (0x12B)
[0913/171507:WARNING:pe_image_reader.cc(280)] could not read dos header from C:\WINDOWS\SYSTEM32\shcore.dll
[0913/171507:ERROR:process_reader_win.cc(232)] ReadMemory at 0x74b50000 of 64 bytes failed: Somente uma parte de um pedido ReadProcessMemory ou WriteProcessMemory foi concluída. (0x12B)
[0913/171507:WARNING:pe_image_reader.cc(280)] could not read dos header from C:\WINDOWS\SYSTEM32\powrprof.dll
[0913/171507:ERROR:process_reader_win.cc(232)] ReadMemory at 0x74e00000 of 64 bytes failed: Somente uma parte de um pedido ReadProcessMemory ou WriteProcessMemory foi concluída. (0x12B)
[0913/171507:WARNING:pe_image_reader.cc(280)] could not read dos header from C:\WINDOWS\SYSTEM32\windows.storage.dll
[0913/171507:ERROR:process_reader_win.cc(232)] ReadMemory at 0x75f60000 of 64 bytes failed: Somente uma parte de um pedido ReadProcessMemory ou WriteProcessMemory foi concluída. (0x12B)
[0913/171507:WARNING:pe_image_reader.cc(280)] could not read dos header from C:\WINDOWS\SYSTEM32\SHELL32.dll
[0913/171507:ERROR:process_reader_win.cc(232)] ReadMemory at 0x75970000 of 64 bytes failed: Somente uma parte de um pedido ReadProcessMemory ou WriteProcessMemory foi concluída. (0x12B)
[0913/171507:WARNING:pe_image_reader.cc(280)] could not read dos header from C:\WINDOWS\SYSTEM32\PSAPI.DLL
[0913/171507:ERROR:process_reader_win.cc(232)] ReadMemory at 0x73c80000 of 64 bytes failed: Somente uma parte de um pedido ReadProcessMemory ou WriteProcessMemory foi concluída. (0x12B)
[0913/171507:WARNING:pe_image_reader.cc(280)] could not read dos header from C:\WINDOWS\SYSTEM32\bcrypt.dll
[0913/171507:ERROR:process_reader_win.cc(232)] ReadMemory at 0x71a00000 of 64 bytes failed: Somente uma parte de um pedido ReadProcessMemory ou WriteProcessMemory foi concluída. (0x12B)
[0913/171507:WARNING:pe_image_reader.cc(280)] could not read dos header from C:\WINDOWS\SYSTEM32\WINSPOOL.DRV
[0913/171507:ERROR:process_reader_win.cc(232)] ReadMemory at 0x70a30000 of 64 bytes failed: Somente uma parte de um pedido ReadProcessMemory ou WriteProcessMemory foi concluída. (0x12B)
[0913/171507:WARNING:pe_image_reader.cc(280)] could not read dos header from C:\WINDOWS\WinSxS\x86_microsoft.windows.common-controls_6595b64144ccf1df_6.0.10586.494_none_ea85e725b9ba5a4b\COMCTL32.dll
[0913/171507:ERROR:process_reader_win.cc(232)] ReadMemory at 0x774f0000 of 64 bytes failed: Somente uma parte de um pedido ReadProcessMemory ou WriteProcessMemory foi concluída. (0x12B)
[0913/171507:WARNING:pe_image_reader.cc(280)] could not read dos header from C:\WINDOWS\SYSTEM32\FirewallAPI.dll
[0913/171507:ERROR:process_reader_win.cc(232)] ReadMemory at 0x712c0000 of 64 bytes failed: Somente uma parte de um pedido ReadProcessMemory ou WriteProcessMemory foi concluída. (0x12B)
[0913/171507:WARNING:pe_image_reader.cc(280)] could not read dos header from C:\WINDOWS\SYSTEM32\fwbase.dll
[0913/171507:ERROR:process_reader_win.cc(232)] ReadMemory at 0x74490000 of 64 bytes failed: Somente uma parte de um pedido ReadProcessMemory ou WriteProcessMemory foi concluída. (0x12B)
[0913/171507:WARNING:pe_image_reader.cc(280)] could not read dos header from C:\WINDOWS\SYSTEM32\NETAPI32.dll
[0913/171507:ERROR:process_reader_win.cc(232)] ReadMemory at 0x71920000 of 64 bytes failed: Somente uma parte de um pedido ReadProcessMemory ou WriteProcessMemory foi concluída. (0x12B)
[0913/171507:WARNING:pe_image_reader.cc(280)] could not read dos header from C:\WINDOWS\SYSTEM32\DAVHLPR.DLL
[0913/171507:ERROR:process_reader_win.cc(232)] ReadMemory at 0x75e60000 of 64 bytes failed: Somente uma parte de um pedido ReadProcessMemory ou WriteProcessMemory foi concluída. (0x12B)
[0913/171507:WARNING:pe_image_reader.cc(280)] could not read dos header from C:\WINDOWS\SYSTEM32\COMDLG32.dll
[0913/171507:ERROR:process_reader_win.cc(232)] ReadMemory at 0x74c10000 of 64 bytes failed: Somente uma parte de um pedido ReadProcessMemory ou WriteProcessMemory foi concluída. (0x12B)
[0913/171507:WARNING:pe_image_reader.cc(280)] could not read dos header from C:\WINDOWS\SYSTEM32\ole32.dll
[0913/171507:ERROR:process_reader_win.cc(232)] ReadMemory at 0x758d0000 of 64 bytes failed: Somente uma parte de um pedido ReadProcessMemory ou WriteProcessMemory foi concluída. (0x12B)
[0913/171507:WARNING:pe_image_reader.cc(280)] could not read dos header from C:\WINDOWS\SYSTEM32\OLEAUT32.dll
[0913/171507:ERROR:process_reader_win.cc(232)] ReadMemory at 0x738b0000 of 64 bytes failed: Somente uma parte de um pedido ReadProcessMemory ou WriteProcessMemory foi concluída. (0x12B)
[0913/171507:WARNING:pe_image_reader.cc(280)] could not read dos header from C:\WINDOWS\SYSTEM32\IPHLPAPI.DLL
[0913/171507:ERROR:process_reader_win.cc(232)] ReadMemory at 0x75bc0000 of 64 bytes failed: Somente uma parte de um pedido ReadProcessMemory ou WriteProcessMemory foi concluída. (0x12B)
[0913/171507:WARNING:pe_image_reader.cc(280)] could not read dos header from C:\WINDOWS\SYSTEM32\WS2_32.dll
[0913/171507:ERROR:process_reader_win.cc(232)] ReadMemory at 0x75630000 of 64 bytes failed: Somente uma parte de um pedido ReadProcessMemory ou WriteProcessMemory foi concluída. (0x12B)
[0913/171507:WARNING:pe_image_reader.cc(280)] could not read dos header from C:\WINDOWS\SYSTEM32\USP10.dll
[0913/171507:ERROR:process_reader_win.cc(232)] ReadMemory at 0x74ba0000 of 64 bytes failed: Somente uma parte de um pedido ReadProcessMemory ou WriteProcessMemory foi concluída. (0x12B)
[0913/171507:WARNING:pe_image_reader.cc(280)] could not read dos header from C:\WINDOWS\SYSTEM32\MSASN1.dll
[0913/171507:ERROR:process_reader_win.cc(232)] ReadMemory at 0x75ce0000 of 64 bytes failed: Somente uma parte de um pedido ReadProcessMemory ou WriteProcessMemory foi concluída. (0x12B)
[0913/171507:WARNING:pe_image_reader.cc(280)] could not read dos header from C:\WINDOWS\SYSTEM32\CRYPT32.dll
[0913/171507:ERROR:process_reader_win.cc(232)] ReadMemory at 0x74390000 of 64 bytes failed: Somente uma parte de um pedido ReadProcessMemory ou WriteProcessMemory foi concluída. (0x12B)
[0913/171507:WARNING:pe_image_reader.cc(280)] could not read dos header from C:\WINDOWS\SYSTEM32\WINTRUST.dll
[0913/171507:ERROR:process_reader_win.cc(232)] ReadMemory at 0x71270000 of 64 bytes failed: Somente uma parte de um pedido ReadProcessMemory ou WriteProcessMemory foi concluída. (0x12B)
[0913/171507:WARNING:pe_image_reader.cc(280)] could not read dos header from C:\WINDOWS\SYSTEM32\Secur32.dll
[0913/171507:ERROR:process_reader_win.cc(232)] ReadMemory at 0x5f590000 of 64 bytes failed: Somente uma parte de um pedido ReadProcessMemory ou WriteProcessMemory foi concluída. (0x12B)
[0913/171507:WARNING:pe_image_reader.cc(280)] could not read dos header from C:\Program Files (x86)\Lefttoe\Application\chrome_child.dll
[0913/171507:ERROR:process_reader_win.cc(232)] ReadMemory at 0x6d1a0000 of 64 bytes failed: Somente uma parte de um pedido ReadProcessMemory ou WriteProcessMemory foi concluída. (0x12B)
[0913/171507:WARNING:pe_image_reader.cc(280)] could not read dos header from C:\Program Files\AVAST Software\Avast\aswJsFlt.dll
[0913/171507:ERROR:process_reader_win.cc(232)] ReadMemory at 0x73ec0000 of 64 bytes failed: Somente uma parte de um pedido ReadProcessMemory ou WriteProcessMemory foi concluída. (0x12B)
[0913/171507:WARNING:pe_image_reader.cc(280)] could not read dos header from C:\WINDOWS\SYSTEM32\ucrtbase.dll
[0913/171507:ERROR:process_reader_win.cc(232)] ReadMemory at 0x73c40000 of 64 bytes failed: Somente uma parte de um pedido ReadProcessMemory ou WriteProcessMemory foi concluída. (0x12B)
[0913/171507:WARNING:pe_image_reader.cc(280)] could not read dos header from C:\WINDOWS\WinSxS\x86_avast.vc140.crt_fcc99ee6193ebbca_14.0.24210.0_none_9e58d6f8311e6fc8\VCRUNTIME140.dll
[0913/171507:ERROR:process_reader_win.cc(232)] ReadMemory at 0x73b80000 of 64 bytes failed: Somente uma parte de um pedido ReadProcessMemory ou WriteProcessMemory foi concluída. (0x12B)
[0913/171507:WARNING:pe_image_reader.cc(280)] could not read dos header from C:\PROGRA~1\AVASTS~1\Avast\aswCmnIS.dll
[0913/171507:ERROR:process_reader_win.cc(232)] ReadMemory at 0x73ae0000 of 64 bytes failed: Somente uma parte de um pedido ReadProcessMemory ou WriteProcessMemory foi concluída. (0x12B)
[0913/171507:WARNING:pe_image_reader.cc(280)] could not read dos header from C:\WINDOWS\WinSxS\x86_avast.vc140.crt_fcc99ee6193ebbca_14.0.24210.0_none_9e58d6f8311e6fc8\MSVCP140.dll
[0913/171507:ERROR:process_reader_win.cc(232)] ReadMemory at 0x73b50000 of 64 bytes failed: Somente uma parte de um pedido ReadProcessMemory ou WriteProcessMemory foi concluída. (0x12B)
[0913/171507:WARNING:pe_image_reader.cc(280)] could not read dos header from C:\PROGRA~1\AVASTS~1\Avast\aswCmnOS.dll
[0913/171507:ERROR:process_reader_win.cc(232)] ReadMemory at 0x73be0000 of 64 bytes failed: Somente uma parte de um pedido ReadProcessMemory ou WriteProcessMemory foi concluída. (0x12B)
[0913/171507:WARNING:pe_image_reader.cc(280)] could not read dos header from C:\PROGRA~1\AVASTS~1\Avast\aswCmnBS.dll
[0913/171507:ERROR:process_reader_win.cc(232)] ReadMemory at 0x73c60000 of 64 bytes failed: Somente uma parte de um pedido ReadProcessMemory ou WriteProcessMemory foi concluída. (0x12B)
[0913/171507:WARNING:pe_image_reader.cc(280)] could not read dos header from C:\PROGRA~1\AVASTS~1\Avast\log.dll
[0913/171507:ERROR:process_reader_win.cc(232)] ReadMemory at 0x75b30000 of 64 bytes failed: Somente uma parte de um pedido ReadProcessMemory ou WriteProcessMemory foi concluída. (0x12B)
[0913/171507:WARNING:pe_image_reader.cc(280)] could not read dos header from C:\WINDOWS\SYSTEM32\NSI.dll
[0913/171507:ERROR:process_reader_win.cc(232)] ReadMemory at 0x735b0000 of 64 bytes failed: Somente uma parte de um pedido ReadProcessMemory ou WriteProcessMemory foi concluída. (0x12B)
[0913/171507:WARNING:pe_image_reader.cc(280)] could not read dos header from C:\WINDOWS\SYSTEM32\DNSAPI.dll
[0913/171507:ERROR:process_reader_win.cc(232)] ReadMemory at 0x738e0000 of 64 bytes failed: Somente uma parte de um pedido ReadProcessMemory ou WriteProcessMemory foi concluída. (0x12B)
[0913/171507:WARNING:pe_image_reader.cc(280)] could not read dos header from C:\PROGRA~1\AVASTS~1\Avast\commchannel.dll
[0913/171507:ERROR:process_reader_win.cc(232)] ReadMemory at 0x72f90000 of 64 bytes failed: Somente uma parte de um pedido ReadProcessMemory ou WriteProcessMemory foi concluída. (0x12B)
[0913/171507:WARNING:pe_image_reader.cc(280)] could not read dos header from C:\PROGRA~1\AVASTS~1\Avast\JsonRpcServer.dll
[0913/171507:ERROR:process_reader_win.cc(232)] ReadMemory at 0x739a0000 of 64 bytes failed: Somente uma parte de um pedido ReadProcessMemory ou WriteProcessMemory foi concluída. (0x12B)
[0913/171507:WARNING:pe_image_reader.cc(280)] could not read dos header from C:\PROGRA~1\AVASTS~1\Avast\avastIP.dll
[0913/171507:ERROR:process_reader_win.cc(232)] ReadMemory at 0x73980000 of 64 bytes failed: Somente uma parte de um pedido ReadProcessMemory ou WriteProcessMemory foi concluída. (0x12B)
[0913/171507:WARNING:pe_image_reader.cc(280)] could not read dos header from C:\PROGRA~1\AVASTS~1\Avast\aswEngLdr.dll
[0913/171507:ERROR:process_reader_win.cc(232)] ReadMemory at 0x72900000 of 64 bytes failed: Somente uma parte de um pedido ReadProcessMemory ou WriteProcessMemory foi concluída. (0x12B)
[0913/171507:WARNING:pe_image_reader.cc(280)] could not read dos header from C:\PROGRA~1\AVASTS~1\Avast\AavmRpch.dll
[0913/171507:ERROR:process_reader_win.cc(232)] ReadMemory at 0x739c0000 of 64 bytes failed: Somente uma parte de um pedido ReadProcessMemory ou WriteProcessMemory foi concluída. (0x12B)
[0913/171507:WARNING:pe_image_reader.cc(280)] could not read dos header from C:\WINDOWS\SYSTEM32\WSOCK32.dll
[0913/171507:ERROR:process_reader_win.cc(232)] ReadMemory at 0x744b0000 of 64 bytes failed: Somente uma parte de um pedido ReadProcessMemory ou WriteProcessMemory foi concluída. (0x12B)
[0913/171507:WARNING:pe_image_reader.cc(280)] could not read dos header from C:\WINDOWS\SYSTEM32\SETUPAPI.dll
[0913/171507:ERROR:process_reader_win.cc(232)] ReadMemory at 0x73640000 of 64 bytes failed: Somente uma parte de um pedido ReadProcessMemory ou WriteProcessMemory foi concluída. (0x12B)
[0913/171507:WARNING:pe_image_reader.cc(280)] could not read dos header from C:\WINDOWS\SYSTEM32\WININET.dll
[0913/171507:ERROR:process_reader_win.cc(232)] ReadMemory at 0x739d0000 of 64 bytes failed: Somente uma parte de um pedido ReadProcessMemory ou WriteProcessMemory foi concluída. (0x12B)
[0913/171507:WARNING:pe_image_reader.cc(280)] could not read dos header from C:\PROGRA~1\AVASTS~1\Avast\ashBase.dll
[0913/171507:ERROR:process_reader_win.cc(232)] ReadMemory at 0x72950000 of 64 bytes failed: Somente uma parte de um pedido ReadProcessMemory ou WriteProcessMemory foi concluída. (0x12B)
[0913/171507:WARNING:pe_image_reader.cc(280)] could not read dos header from C:\PROGRA~1\AVASTS~1\Avast\aswAux.dll
[0913/171507:ERROR:process_reader_win.cc(232)] ReadMemory at 0x72ad0000 of 64 bytes failed: Somente uma parte de um pedido ReadProcessMemory ou WriteProcessMemory foi concluída. (0x12B)
[0913/171507:WARNING:pe_image_reader.cc(280)] could not read dos header from C:\PROGRA~1\AVASTS~1\Avast\ashTask.dll
[0913/171507:ERROR:process_reader_win.cc(232)] ReadMemory at 0x73ca0000 of 64 bytes failed: Somente uma parte de um pedido ReadProcessMemory ou WriteProcessMemory foi concluída. (0x12B)
[0913/171507:WARNING:pe_image_reader.cc(280)] could not read dos header from C:\WINDOWS\SYSTEM32\NETUTILS.DLL
[0913/171507:ERROR:process_reader_win.cc(232)] ReadMemory at 0x72850000 of 64 bytes failed: Somente uma parte de um pedido ReadProcessMemory ou WriteProcessMemory foi concluída. (0x12B)
[0913/171507:WARNING:pe_image_reader.cc(280)] could not read dos header from C:\WINDOWS\SYSTEM32\SRVCLI.DLL
[0913/171507:ERROR:process_reader_win.cc(232)] ReadMemory at 0x72b90000 of 64 bytes failed: Somente uma parte de um pedido ReadProcessMemory ou WriteProcessMemory foi concluída. (0x12B)
[0913/171507:WARNING:pe_image_reader.cc(280)] could not read dos header from C:\PROGRA~1\AVASTS~1\Avast\Aavm4h.dll
[0913/171507:ERROR:process_reader_win.cc(232)] ReadMemory at 0x6d290000 of 64 bytes failed: Somente uma parte de um pedido ReadProcessMemory ou WriteProcessMemory foi concluída. (0x12B)
[0913/171507:WARNING:pe_image_reader.cc(280)] could not read dos header from C:\WINDOWS\SYSTEM32\dwrite.dll
[0913/171507:ERROR:process_reader_win.cc(98)] process 8668 not found
[0913/171507:ERROR:process_reader_win.cc(232)] ReadMemory at 0x1a0000 of 64 bytes failed: Somente uma parte de um pedido ReadProcessMemory ou WriteProcessMemory foi concluída. (0x12B)
[0913/171507:WARNING:pe_image_reader.cc(280)] could not read dos header from C:\Program Files (x86)\Lefttoe\Application\chrome.exe
[0913/171507:ERROR:process_reader_win.cc(232)] ReadMemory at 0x77550000 of 64 bytes failed: Somente uma parte de um pedido ReadProcessMemory ou WriteProcessMemory foi concluída. (0x12B)
[0913/171507:WARNING:pe_image_reader.cc(280)] could not read dos header from C:\WINDOWS\SYSTEM32\ntdll.dll
[0913/171507:ERROR:process_reader_win.cc(232)] ReadMemory at 0x77360000 of 64 bytes failed: Somente uma parte de um pedido ReadProcessMemory ou WriteProcessMemory foi concluída. (0x12B)
[0913/171507:WARNING:pe_image_reader.cc(280)] could not read dos header from C:\WINDOWS\SYSTEM32\KERNELBASE.dll
[0913/171507:ERROR:process_reader_win.cc(232)] ReadMemory at 0x753b0000 of 64 bytes failed: Somente uma parte de um pedido ReadProcessMemory ou WriteProcessMemory foi concluída. (0x12B)
[0913/171507:WARNING:pe_image_reader.cc(280)] could not read dos header from C:\WINDOWS\SYSTEM32\KERNEL32.dll
[0913/171507:ERROR:process_reader_win.cc(232)] ReadMemory at 0x6d240000 of 64 bytes failed: Somente uma parte de um pedido ReadProcessMemory ou WriteProcessMemory foi concluída. (0x12B)
[0913/171507:WARNING:pe_image_reader.cc(280)] could not read dos header from C:\Program Files\AVAST Software\Avast\snxhk.dll
[0913/171507:ERROR:process_reader_win.cc(232)] ReadMemory at 0x704a0000 of 64 bytes failed: Somente uma parte de um pedido ReadProcessMemory ou WriteProcessMemory foi concluída. (0x12B)
[0913/171507:WARNING:pe_image_reader.cc(280)] could not read dos header from C:\WINDOWS\system32\apphelp.dll
[0913/171507:ERROR:process_reader_win.cc(232)] ReadMemory at 0x75c20000 of 64 bytes failed: Somente uma parte de um pedido ReadProcessMemory ou WriteProcessMemory foi concluída. (0x12B)
[0913/171507:WARNING:pe_image_reader.cc(280)] could not read dos header from C:\WINDOWS\SYSTEM32\msvcrt.dll
[0913/171507:ERROR:process_reader_win.cc(232)] ReadMemory at 0x75b40000 of 64 bytes failed: Somente uma parte de um pedido ReadProcessMemory ou WriteProcessMemory foi concluída. (0x12B)
[0913/171507:WARNING:pe_image_reader.cc(280)] could not read dos header from C:\WINDOWS\SYSTEM32\bcryptPrimitives.dll
[0913/171507:ERROR:process_reader_win.cc(232)] ReadMemory at 0x74250000 of 64 bytes failed: Somente uma parte de um pedido ReadProcessMemory ou WriteProcessMemory foi concluída. (0x12B)
[0913/171507:WARNING:pe_image_reader.cc(280)] could not read dos header from C:\WINDOWS\SYSTEM32\CRYPTBASE.dll
[0913/171507:ERROR:process_reader_win.cc(232)] ReadMemory at 0x74260000 of 64 bytes failed: Somente uma parte de um pedido ReadProcessMemory ou WriteProcessMemory foi concluída. (0x12B)
[0913/171507:WARNING:pe_image_reader.cc(280)] could not read dos header from C:\WINDOWS\SYSTEM32\SspiCli.dll
[0913/171507:ERROR:process_reader_win.cc(232)] ReadMemory at 0x75300000 of 64 bytes failed: Somente uma parte de um pedido ReadProcessMemory ou WriteProcessMemory foi concluída. (0x12B)
[0913/171507:WARNING:pe_image_reader.cc(280)] could not read dos header from C:\WINDOWS\SYSTEM32\RPCRT4.dll
[0913/171507:ERROR:process_reader_win.cc(232)] ReadMemory at 0x755e0000 of 64 bytes failed: Somente uma parte de um pedido ReadProcessMemory ou WriteProcessMemory foi concluída. (0x12B)
[0913/171507:WARNING:pe_image_reader.cc(280)] could not read dos header from C:\WINDOWS\SYSTEM32\sechost.dll
[0913/171507:ERROR:process_reader_win.cc(232)] ReadMemory at 0x74280000 of 64 bytes failed: Somente uma parte de um pedido ReadProcessMemory ou WriteProcessMemory foi concluída. (0x12B)
[0913/171507:WARNING:pe_image_reader.cc(280)] could not read dos header from C:\WINDOWS\SYSTEM32\ADVAPI32.dll
[0913/171507:ERROR:process_reader_win.cc(232)] ReadMemory at 0x6d210000 of 64 bytes failed: Somente uma parte de um pedido ReadProcessMemory ou WriteProcessMemory foi concluída. (0x12B)
[0913/171507:WARNING:pe_image_reader.cc(280)] could not read dos header from C:\Program Files (x86)\Lefttoe\Application\chrome_elf.dll
[0913/171507:ERROR:process_reader_win.cc(232)] ReadMemory at 0x73dc0000 of 64 bytes failed: Somente uma parte de um pedido ReadProcessMemory ou WriteProcessMemory foi concluída. (0x12B)
[0913/171507:WARNING:pe_image_reader.cc(280)] could not read dos header from C:\WINDOWS\SYSTEM32\VERSION.dll
[0913/171507:ERROR:process_reader_win.cc(232)] ReadMemory at 0x74dc0000 of 64 bytes failed: Somente uma parte de um pedido ReadProcessMemory ou WriteProcessMemory foi concluída. (0x12B)
[0913/171507:WARNING:pe_image_reader.cc(280)] could not read dos header from C:\WINDOWS\SYSTEM32\cfgmgr32.dll
[0913/171507:ERROR:process_reader_win.cc(232)] ReadMemory at 0x719d0000 of 64 bytes failed: Somente uma parte de um pedido ReadProcessMemory ou WriteProcessMemory foi concluída. (0x12B)
[0913/171507:WARNING:pe_image_reader.cc(280)] could not read dos header from C:\WINDOWS\SYSTEM32\WINMMBASE.dll
[0913/171507:ERROR:process_reader_win.cc(232)] ReadMemory at 0x75980000 of 64 bytes failed: Somente uma parte de um pedido ReadProcessMemory ou WriteProcessMemory foi concluída. (0x12B)
[0913/171507:WARNING:pe_image_reader.cc(280)] could not read dos header from C:\WINDOWS\SYSTEM32\GDI32.dll
[0913/171507:ERROR:process_reader_win.cc(232)] ReadMemory at 0x75490000 of 64 bytes failed: Somente uma parte de um pedido ReadProcessMemory ou WriteProcessMemory foi concluída. (0x12B)
[0913/171507:WARNING:pe_image_reader.cc(280)] could not read dos header from C:\WINDOWS\SYSTEM32\USER32.dll
[0913/171507:ERROR:process_reader_win.cc(232)] ReadMemory at 0x758a0000 of 64 bytes failed: Somente uma parte de um pedido ReadProcessMemory ou WriteProcessMemory foi concluída. (0x12B)
[0913/171507:WARNING:pe_image_reader.cc(280)] could not read dos header from C:\WINDOWS\SYSTEM32\IMM32.DLL
[0913/171507:ERROR:process_reader_win.cc(232)] ReadMemory at 0x71a70000 of 64 bytes failed: Somente uma parte de um pedido ReadProcessMemory ou WriteProcessMemory foi concluída. (0x12B)
[0913/171507:WARNING:pe_image_reader.cc(280)] could not read dos header from C:\WINDOWS\SYSTEM32\WINMM.dll
[0913/171507:ERROR:process_reader_win.cc(232)] ReadMemory at 0x75650000 of 64 bytes failed: Somente uma parte de um pedido ReadProcessMemory ou WriteProcessMemory foi concluída. (0x12B)
[0913/171507:WARNING:pe_image_reader.cc(280)] could not read dos header from C:\WINDOWS\SYSTEM32\combase.dll
[0913/171507:ERROR:process_reader_win.cc(232)] ReadMemory at 0x74bb0000 of 64 bytes failed: Somente uma parte de um pedido ReadProcessMemory ou WriteProcessMemory foi concluída. (0x12B)
[0913/171507:WARNING:pe_image_reader.cc(280)] could not read dos header from C:\WINDOWS\SYSTEM32\SHLWAPI.dll
[0913/171507:ERROR:process_reader_win.cc(232)] ReadMemory at 0x774e0000 of 64 bytes failed: Somente uma parte de um pedido ReadProcessMemory ou WriteProcessMemory foi concluída. (0x12B)
[0913/171507:WARNING:pe_image_reader.cc(280)] could not read dos header from C:\WINDOWS\SYSTEM32\profapi.dll
[0913/171507:ERROR:process_reader_win.cc(232)] ReadMemory at 0x73cc0000 of 64 bytes failed: Somente uma parte de um pedido ReadProcessMemory ou WriteProcessMemory foi concluída. (0x12B)
[0913/171507:WARNING:pe_image_reader.cc(280)] could not read dos header from C:\WINDOWS\SYSTEM32\USERENV.dll
[0913/171507:ERROR:process_reader_win.cc(232)] ReadMemory at 0x73da0000 of 64 bytes failed: Somente uma parte de um pedido ReadProcessMemory ou WriteProcessMemory foi concluída. (0x12B)
[0913/171507:WARNING:pe_image_reader.cc(280)] could not read dos header from C:\WINDOWS\SYSTEM32\WTSAPI32.dll
[0913/171507:ERROR:process_reader_win.cc(232)] ReadMemory at 0x73510000 of 64 bytes failed: Somente uma parte de um pedido ReadProcessMemory ou WriteProcessMemory foi concluída. (0x12B)
[0913/171507:WARNING:pe_image_reader.cc(280)] could not read dos header from C:\WINDOWS\SYSTEM32\WINHTTP.dll
[0913/171507:ERROR:process_reader_win.cc(232)] ReadMemory at 0x74c00000 of 64 bytes failed: Somente uma parte de um pedido ReadProcessMemory ou WriteProcessMemory foi concluída. (0x12B)
[0913/171507:WARNING:pe_image_reader.cc(280)] could not read dos header from C:\WINDOWS\SYSTEM32\kernel.appcore.dll
[0913/171507:ERROR:process_reader_win.cc(232)] ReadMemory at 0x74300000 of 64 bytes failed: Somente uma parte de um pedido ReadProcessMemory ou WriteProcessMemory foi concluída. (0x12B)
[0913/171507:WARNING:pe_image_reader.cc(280)] could not read dos header from C:\WINDOWS\SYSTEM32\shcore.dll
[0913/171507:ERROR:process_reader_win.cc(232)] ReadMemory at 0x74b50000 of 64 bytes failed: Somente uma parte de um pedido ReadProcessMemory ou WriteProcessMemory foi concluída. (0x12B)
[0913/171507:WARNING:pe_image_reader.cc(280)] could not read dos header from C:\WINDOWS\SYSTEM32\powrprof.dll
[0913/171507:ERROR:process_reader_win.cc(232)] ReadMemory at 0x74e00000 of 64 bytes failed: Somente uma parte de um pedido ReadProcessMemory ou WriteProcessMemory foi concluída. (0x12B)
[0913/171507:WARNING:pe_image_reader.cc(280)] could not read dos header from C:\WINDOWS\SYSTEM32\windows.storage.dll
[0913/171507:ERROR:process_reader_win.cc(232)] ReadMemory at 0x75f60000 of 64 bytes failed: Somente uma parte de um pedido ReadProcessMemory ou WriteProcessMemory foi concluída. (0x12B)
[0913/171507:WARNING:pe_image_reader.cc(280)] could not read dos header from C:\WINDOWS\SYSTEM32\SHELL32.dll
[0913/171507:ERROR:process_reader_win.cc(232)] ReadMemory at 0x75970000 of 64 bytes failed: Somente uma parte de um pedido ReadProcessMemory ou WriteProcessMemory foi concluída. (0x12B)
[0913/171507:WARNING:pe_image_reader.cc(280)] could not read dos header from C:\WINDOWS\SYSTEM32\PSAPI.DLL
[0913/171507:ERROR:process_reader_win.cc(232)] ReadMemory at 0x73c80000 of 64 bytes failed: Somente uma parte de um pedido ReadProcessMemory ou WriteProcessMemory foi concluída. (0x12B)
[0913/171507:WARNING:pe_image_reader.cc(280)] could not read dos header from C:\WINDOWS\SYSTEM32\bcrypt.dll
[0913/171507:ERROR:process_reader_win.cc(232)] ReadMemory at 0x71a00000 of 64 bytes failed: Somente uma parte de um pedido ReadProcessMemory ou WriteProcessMemory foi concluída. (0x12B)
[0913/171507:WARNING:pe_image_reader.cc(280)] could not read dos header from C:\WINDOWS\SYSTEM32\WINSPOOL.DRV
[0913/171507:ERROR:process_reader_win.cc(232)] ReadMemory at 0x70a30000 of 64 bytes failed: Somente uma parte de um pedido ReadProcessMemory ou WriteProcessMemory foi concluída. (0x12B)
[0913/171507:WARNING:pe_image_reader.cc(280)] could not read dos header from C:\WINDOWS\WinSxS\x86_microsoft.windows.common-controls_6595b64144ccf1df_6.0.10586.494_none_ea85e725b9ba5a4b\COMCTL32.dll
[0913/171507:ERROR:process_reader_win.cc(232)] ReadMemory at 0x774f0000 of 64 bytes failed: Somente uma parte de um pedido ReadProcessMemory ou WriteProcessMemory foi concluída. (0x12B)
[0913/171507:WARNING:pe_image_reader.cc(280)] could not read dos header from C:\WINDOWS\SYSTEM32\FirewallAPI.dll
[0913/171507:ERROR:process_reader_win.cc(232)] ReadMemory at 0x712c0000 of 64 bytes failed: Somente uma parte de um pedido ReadProcessMemory ou WriteProcessMemory foi concluída. (0x12B)
[0913/171507:WARNING:pe_image_reader.cc(280)] could not read dos header from C:\WINDOWS\SYSTEM32\fwbase.dll
[0913/171507:ERROR:process_reader_win.cc(232)] ReadMemory at 0x74490000 of 64 bytes failed: Somente uma parte de um pedido ReadProcessMemory ou WriteProcessMemory foi concluída. (0x12B)
[0913/171507:WARNING:pe_image_reader.cc(280)] could not read dos header from C:\WINDOWS\SYSTEM32\NETAPI32.dll
[0913/171507:ERROR:process_reader_win.cc(232)] ReadMemory at 0x71920000 of 64 bytes failed: Somente uma parte de um pedido ReadProcessMemory ou WriteProcessMemory foi concluída. (0x12B)
[0913/171507:WARNING:pe_image_reader.cc(280)] could not read dos header from C:\WINDOWS\SYSTEM32\DAVHLPR.DLL
[0913/171507:ERROR:process_reader_win.cc(232)] ReadMemory at 0x75e60000 of 64 bytes failed: Somente uma parte de um pedido ReadProcessMemory ou WriteProcessMemory foi concluída. (0x12B)
[0913/171507:WARNING:pe_image_reader.cc(280)] could not read dos header from C:\WINDOWS\SYSTEM32\COMDLG32.dll
[0913/171507:ERROR:process_reader_win.cc(232)] ReadMemory at 0x74c10000 of 64 bytes failed: Somente uma parte de um pedido ReadProcessMemory ou WriteProcessMemory foi concluída. (0x12B)
[0913/171507:WARNING:pe_image_reader.cc(280)] could not read dos header from C:\WINDOWS\SYSTEM32\ole32.dll
[0913/171507:ERROR:process_reader_win.cc(232)] ReadMemory at 0x758d0000 of 64 bytes failed: Somente uma parte de um pedido ReadProcessMemory ou WriteProcessMemory foi concluída. (0x12B)
[0913/171507:WARNING:pe_image_reader.cc(280)] could not read dos header from C:\WINDOWS\SYSTEM32\OLEAUT32.dll
[0913/171507:ERROR:process_reader_win.cc(232)] ReadMemory at 0x738b0000 of 64 bytes failed: Somente uma parte de um pedido ReadProcessMemory ou WriteProcessMemory foi concluída. (0x12B)
[0913/171507:WARNING:pe_image_reader.cc(280)] could not read dos header from C:\WINDOWS\SYSTEM32\IPHLPAPI.DLL
[0913/171507:ERROR:process_reader_win.cc(232)] ReadMemory at 0x75bc0000 of 64 bytes failed: Somente uma parte de um pedido ReadProcessMemory ou WriteProcessMemory foi concluída. (0x12B)
[0913/171507:WARNING:pe_image_reader.cc(280)] could not read dos header from C:\WINDOWS\SYSTEM32\WS2_32.dll
[0913/171507:ERROR:process_reader_win.cc(232)] ReadMemory at 0x75630000 of 64 bytes failed: Somente uma parte de um pedido ReadProcessMemory ou WriteProcessMemory foi concluída. (0x12B)
[0913/171507:WARNING:pe_image_reader.cc(280)] could not read dos header from C:\WINDOWS\SYSTEM32\USP10.dll
[0913/171507:ERROR:process_reader_win.cc(232)] ReadMemory at 0x74ba0000 of 64 bytes failed: Somente uma parte de um pedido ReadProcessMemory ou WriteProcessMemory foi concluída. (0x12B)
[0913/171507:WARNING:pe_image_reader.cc(280)] could not read dos header from C:\WINDOWS\SYSTEM32\MSASN1.dll
[0913/171507:ERROR:process_reader_win.cc(232)] ReadMemory at 0x75ce0000 of 64 bytes failed: Somente uma parte de um pedido ReadProcessMemory ou WriteProcessMemory foi concluída. (0x12B)
[0913/171507:WARNING:pe_image_reader.cc(280)] could not read dos header from C:\WINDOWS\SYSTEM32\CRYPT32.dll
[0913/171507:ERROR:process_reader_win.cc(232)] ReadMemory at 0x74390000 of 64 bytes failed: Somente uma parte de um pedido ReadProcessMemory ou WriteProcessMemory foi concluída. (0x12B)
[0913/171507:WARNING:pe_image_reader.cc(280)] could not read dos header from C:\WINDOWS\SYSTEM32\WINTRUST.dll
[0913/171507:ERROR:process_reader_win.cc(232)] ReadMemory at 0x71270000 of 64 bytes failed: Somente uma parte de um pedido ReadProcessMemory ou WriteProcessMemory foi concluída. (0x12B)
[0913/171507:WARNING:pe_image_reader.cc(280)] could not read dos header from C:\WINDOWS\SYSTEM32\Secur32.dll
[0913/171507:ERROR:process_reader_win.cc(232)] ReadMemory at 0x5f590000 of 64 bytes failed: Somente uma parte de um pedido ReadProcessMemory ou WriteProcessMemory foi concluída. (0x12B)
[0913/171507:WARNING:pe_image_reader.cc(280)] could not read dos header from C:\Program Files (x86)\Lefttoe\Application\chrome_child.dll
[0913/171507:ERROR:process_reader_win.cc(232)] ReadMemory at 0x6d1a0000 of 64 bytes failed: Somente uma parte de um pedido ReadProcessMemory ou WriteProcessMemory foi concluída. (0x12B)
[0913/171507:WARNING:pe_image_reader.cc(280)] could not read dos header from C:\Program Files\AVAST Software\Avast\aswJsFlt.dll
[0913/171507:ERROR:process_reader_win.cc(232)] ReadMemory at 0x73ec0000 of 64 bytes failed: Somente uma parte de um pedido ReadProcessMemory ou WriteProcessMemory foi concluída. (0x12B)
[0913/171507:WARNING:pe_image_reader.cc(280)] could not read dos header from C:\WINDOWS\SYSTEM32\ucrtbase.dll
[0913/171507:ERROR:process_reader_win.cc(232)] ReadMemory at 0x73c40000 of 64 bytes failed: Somente uma parte de um pedido ReadProcessMemory ou WriteProcessMemory foi concluída. (0x12B)
[0913/171507:WARNING:pe_image_reader.cc(280)] could not read dos header from C:\WINDOWS\WinSxS\x86_avast.vc140.crt_fcc99ee6193ebbca_14.0.24210.0_none_9e58d6f8311e6fc8\VCRUNTIME140.dll
[0913/171507:ERROR:process_reader_win.cc(232)] ReadMemory at 0x73b80000 of 64 bytes failed: Somente uma parte de um pedido ReadProcessMemory ou WriteProcessMemory foi concluída. (0x12B)
[0913/171507:WARNING:pe_image_reader.cc(280)] could not read dos header from C:\PROGRA~1\AVASTS~1\Avast\aswCmnIS.dll
[0913/171507:ERROR:process_reader_win.cc(232)] ReadMemory at 0x73ae0000 of 64 bytes failed: Somente uma parte de um pedido ReadProcessMemory ou WriteProcessMemory foi concluída. (0x12B)
[0913/171507:WARNING:pe_image_reader.cc(280)] could not read dos header from C:\WINDOWS\WinSxS\x86_avast.vc140.crt_fcc99ee6193ebbca_14.0.24210.0_none_9e58d6f8311e6fc8\MSVCP140.dll
[0913/171507:ERROR:process_reader_win.cc(232)] ReadMemory at 0x73b50000 of 64 bytes failed: Somente uma parte de um pedido ReadProcessMemory ou WriteProcessMemory foi concluída. (0x12B)
[0913/171507:WARNING:pe_image_reader.cc(280)] could not read dos header from C:\PROGRA~1\AVASTS~1\Avast\aswCmnOS.dll
[0913/171507:ERROR:process_reader_win.cc(232)] ReadMemory at 0x73be0000 of 64 bytes failed: Somente uma parte de um pedido ReadProcessMemory ou WriteProcessMemory foi concluída. (0x12B)
[0913/171507:WARNING:pe_image_reader.cc(280)] could not read dos header from C:\PROGRA~1\AVASTS~1\Avast\aswCmnBS.dll
[0913/171507:ERROR:process_reader_win.cc(232)] ReadMemory at 0x73c60000 of 64 bytes failed: Somente uma parte de um pedido ReadProcessMemory ou WriteProcessMemory foi concluída. (0x12B)
[0913/171507:WARNING:pe_image_reader.cc(280)] could not read dos header from C:\PROGRA~1\AVASTS~1\Avast\log.dll
[0913/171507:ERROR:process_reader_win.cc(232)] ReadMemory at 0x75b30000 of 64 bytes failed: Somente uma parte de um pedido ReadProcessMemory ou WriteProcessMemory foi concluída. (0x12B)
[0913/171507:WARNING:pe_image_reader.cc(280)] could not read dos header from C:\WINDOWS\SYSTEM32\NSI.dll
[0913/171507:ERROR:process_reader_win.cc(232)] ReadMemory at 0x735b0000 of 64 bytes failed: Somente uma parte de um pedido ReadProcessMemory ou WriteProcessMemory foi concluída. (0x12B)
[0913/171507:WARNING:pe_image_reader.cc(280)] could not read dos header from C:\WINDOWS\SYSTEM32\DNSAPI.dll
[0913/171507:ERROR:process_reader_win.cc(232)] ReadMemory at 0x738e0000 of 64 bytes failed: Somente uma parte de um pedido ReadProcessMemory ou WriteProcessMemory foi concluída. (0x12B)
[0913/171507:WARNING:pe_image_reader.cc(280)] could not read dos header from C:\PROGRA~1\AVASTS~1\Avast\commchannel.dll
[0913/171507:ERROR:process_reader_win.cc(232)] ReadMemory at 0x72f90000 of 64 bytes failed: Somente uma parte de um pedido ReadProcessMemory ou WriteProcessMemory foi concluída. (0x12B)
[0913/171507:WARNING:pe_image_reader.cc(280)] could not read dos header from C:\PROGRA~1\AVASTS~1\Avast\JsonRpcServer.dll
[0913/171507:ERROR:process_reader_win.cc(232)] ReadMemory at 0x739a0000 of 64 bytes failed: Somente uma parte de um pedido ReadProcessMemory ou WriteProcessMemory foi concluída. (0x12B)
[0913/171507:WARNING:pe_image_reader.cc(280)] could not read dos header from C:\PROGRA~1\AVASTS~1\Avast\avastIP.dll
[0913/171507:ERROR:process_reader_win.cc(232)] ReadMemory at 0x73980000 of 64 bytes failed: Somente uma parte de um pedido ReadProcessMemory ou WriteProcessMemory foi concluída. (0x12B)
[0913/171507:WARNING:pe_image_reader.cc(280)] could not read dos header from C:\PROGRA~1\AVASTS~1\Avast\aswEngLdr.dll
[0913/171507:ERROR:process_reader_win.cc(232)] ReadMemory at 0x72900000 of 64 bytes failed: Somente uma parte de um pedido ReadProcessMemory ou WriteProcessMemory foi concluída. (0x12B)
[0913/171507:WARNING:pe_image_reader.cc(280)] could not read dos header from C:\PROGRA~1\AVASTS~1\Avast\AavmRpch.dll
[0913/171507:ERROR:process_reader_win.cc(232)] ReadMemory at 0x739c0000 of 64 bytes failed: Somente uma parte de um pedido ReadProcessMemory ou WriteProcessMemory foi concluída. (0x12B)
[0913/171507:WARNING:pe_image_reader.cc(280)] could not read dos header from C:\WINDOWS\SYSTEM32\WSOCK32.dll
[0913/171507:ERROR:process_reader_win.cc(232)] ReadMemory at 0x744b0000 of 64 bytes failed: Somente uma parte de um pedido ReadProcessMemory ou WriteProcessMemory foi concluída. (0x12B)
[0913/171507:WARNING:pe_image_reader.cc(280)] could not read dos header from C:\WINDOWS\SYSTEM32\SETUPAPI.dll
[0913/171507:ERROR:process_reader_win.cc(232)] ReadMemory at 0x73640000 of 64 bytes failed: Somente uma parte de um pedido ReadProcessMemory ou WriteProcessMemory foi concluída. (0x12B)
[0913/171507:WARNING:pe_image_reader.cc(280)] could not read dos header from C:\WINDOWS\SYSTEM32\WININET.dll
[0913/171507:ERROR:process_reader_win.cc(232)] ReadMemory at 0x739d0000 of 64 bytes failed: Somente uma parte de um pedido ReadProcessMemory ou WriteProcessMemory foi concluída. (0x12B)
[0913/171507:WARNING:pe_image_reader.cc(280)] could not read dos header from C:\PROGRA~1\AVASTS~1\Avast\ashBase.dll
[0913/171507:ERROR:process_reader_win.cc(232)] ReadMemory at 0x72950000 of 64 bytes failed: Somente uma parte de um pedido ReadProcessMemory ou WriteProcessMemory foi concluída. (0x12B)
[0913/171507:WARNING:pe_image_reader.cc(280)] could not read dos header from C:\PROGRA~1\AVASTS~1\Avast\aswAux.dll
[0913/171507:ERROR:process_reader_win.cc(232)] ReadMemory at 0x72ad0000 of 64 bytes failed: Somente uma parte de um pedido ReadProcessMemory ou WriteProcessMemory foi concluída. (0x12B)
[0913/171507:WARNING:pe_image_reader.cc(280)] could not read dos header from C:\PROGRA~1\AVASTS~1\Avast\ashTask.dll
[0913/171507:ERROR:process_reader_win.cc(232)] ReadMemory at 0x73ca0000 of 64 bytes failed: Somente uma parte de um pedido ReadProcessMemory ou WriteProcessMemory foi concluída. (0x12B)
[0913/171507:WARNING:pe_image_reader.cc(280)] could not read dos header from C:\WINDOWS\SYSTEM32\NETUTILS.DLL
[0913/171507:ERROR:process_reader_win.cc(232)] ReadMemory at 0x72850000 of 64 bytes failed: Somente uma parte de um pedido ReadProcessMemory ou WriteProcessMemory foi concluída. (0x12B)
[0913/171507:WARNING:pe_image_reader.cc(280)] could not read dos header from C:\WINDOWS\SYSTEM32\SRVCLI.DLL
[0913/171507:ERROR:process_reader_win.cc(232)] ReadMemory at 0x72b90000 of 64 bytes failed: Somente uma parte de um pedido ReadProcessMemory ou WriteProcessMemory foi concluída. (0x12B)
[0913/171507:WARNING:pe_image_reader.cc(280)] could not read dos header from C:\PROGRA~1\AVASTS~1\Avast\Aavm4h.dll
[0913/171507:ERROR:process_reader_win.cc(232)] ReadMemory at 0x6d290000 of 64 bytes failed: Somente uma parte de um pedido ReadProcessMemory ou WriteProcessMemory foi concluída. (0x12B)
[0913/171507:WARNING:pe_image_reader.cc(280)] could not read dos header from C:\WINDOWS\SYSTEM32\dwrite.dll
[0913/171507:ERROR:process_reader_win.cc(232)] ReadMemory at 0x24e4b4 of 12 bytes failed: Somente uma parte de um pedido ReadProcessMemory ou WriteProcessMemory foi concluída. (0x12B)
[0913/171507:WARNING:process_snapshot_win.cc(102)] ReadMemory ExceptionInformation failed
[0913/171507:WARNING:crash_report_exception_handler.cc(60)] ProcessSnapshotWin::InitializeException failed
[0913/171507:ERROR:scoped_process_suspend.cc(38)] NtResumeProcess, ntstatus=-1073741558
